<?xml version="1.0" encoding="UTF-8"?>
<testng-results ignored="0" total="1" passed="1" failed="0" skipped="0">
  <reporter-output>
  </reporter-output>
  <suite started-at="2022-10-20T15:09:12 IST" name="Default suite" finished-at="2022-10-20T15:09:22 IST" duration-ms="9398">
    <groups>
    </groups>
    <test started-at="2022-10-20T15:09:12 IST" name="Default test" finished-at="2022-10-20T15:09:22 IST" duration-ms="9398">
      <class name="extenreport.e1">
        <test-method is-config="true" signature="startTest()[pri:0, instance:extenreport.e1@70e8f8e]" started-at="2022-10-20T15:09:12 IST" name="startTest" finished-at="2022-10-20T15:09:13 IST" duration-ms="581" status="PASS">
          <reporter-output>
          </reporter-output>
        </test-method> <!-- startTest -->
        <test-method signature="extentReportsDemo()[pri:0, instance:extenreport.e1@70e8f8e]" started-at="2022-10-20T15:09:13 IST" name="extentReportsDemo" finished-at="2022-10-20T15:09:21 IST" duration-ms="7999" status="PASS">
          <reporter-output>
          </reporter-output>
        </test-method> <!-- extentReportsDemo -->
        <test-method is-config="true" signature="endTest()[pri:0, instance:extenreport.e1@70e8f8e]" started-at="2022-10-20T15:09:21 IST" name="endTest" finished-at="2022-10-20T15:09:22 IST" duration-ms="762" status="PASS">
          <reporter-output>
          </reporter-output>
        </test-method> <!-- endTest -->
      </class> <!-- extenreport.e1 -->
    </test> <!-- Default test -->
  </suite> <!-- Default suite -->
</testng-results>
