<?xml version="1.0" encoding="UTF-8"?>
<!-- Generated by org.testng.reporters.JUnitXMLReporter -->
<testsuite ignored="2" hostname="DESKTOP-L9P3PUU" failures="0" tests="2" name="Test" time="26.049" errors="0" timestamp="2022-10-12T20:21:38 IST">
  <testcase classname="packge.c1" name="t1" time="5.876"/>
  <testcase classname="packge.c2" name="t2" time="20.111"/>
  <testcase classname="package2.c3" name="t3" time="0.0">
    <ignored/>
  </testcase> <!-- t3 -->
  <testcase classname="package2.c4" name="t4" time="0.0">
    <ignored/>
  </testcase> <!-- t4 -->
</testsuite> <!-- Test -->
